c:\users\hopli\documents\visual studio 2015\projects\ood\remotecodepublisher\codeanalysis\publisher\x64\debug\vc140.pdb
c:\users\hopli\documents\visual studio 2015\projects\ood\remotecodepublisher\codeanalysis\publisher\x64\debug\vc140.idb
c:\users\hopli\documents\visual studio 2015\projects\ood\remotecodepublisher\codeanalysis\publisher\x64\debug\cpp11-blockingqueue.obj
c:\users\hopli\documents\visual studio 2015\projects\ood\remotecodepublisher\codeanalysis\publisher\x64\debug\filesystem.obj
c:\users\hopli\documents\visual studio 2015\projects\ood\remotecodepublisher\codeanalysis\publisher\x64\debug\logger.obj
c:\users\hopli\documents\visual studio 2015\projects\ood\remotecodepublisher\codeanalysis\publisher\x64\debug\regularexpression.obj
c:\users\hopli\documents\visual studio 2015\projects\ood\remotecodepublisher\codeanalysis\publisher\x64\debug\tokenizer.obj
c:\users\hopli\documents\visual studio 2015\projects\ood\remotecodepublisher\codeanalysis\publisher\x64\debug\utilities.obj
c:\users\hopli\documents\visual studio 2015\projects\ood\remotecodepublisher\codeanalysis\publisher\x64\debug\abstrsyntree.obj
c:\users\hopli\documents\visual studio 2015\projects\ood\remotecodepublisher\codeanalysis\publisher\x64\debug\executive.obj
c:\users\hopli\documents\visual studio 2015\projects\ood\remotecodepublisher\codeanalysis\publisher\x64\debug\filemgr.obj
c:\users\hopli\documents\visual studio 2015\projects\ood\remotecodepublisher\codeanalysis\publisher\x64\debug\grammarhelpers.obj
c:\users\hopli\documents\visual studio 2015\projects\ood\remotecodepublisher\codeanalysis\publisher\x64\debug\actionsandrules.obj
c:\users\hopli\documents\visual studio 2015\projects\ood\remotecodepublisher\codeanalysis\publisher\x64\debug\configureparser.obj
c:\users\hopli\documents\visual studio 2015\projects\ood\remotecodepublisher\codeanalysis\publisher\x64\debug\parser.obj
c:\users\hopli\documents\visual studio 2015\projects\ood\remotecodepublisher\codeanalysis\publisher\x64\debug\scopestack.obj
c:\users\hopli\documents\visual studio 2015\projects\ood\remotecodepublisher\codeanalysis\publisher\x64\debug\semiexp.obj
c:\users\hopli\documents\visual studio 2015\projects\ood\remotecodepublisher\codeanalysis\publisher\x64\debug\dependencyanalyzer.obj
c:\users\hopli\documents\visual studio 2015\projects\ood\remotecodepublisher\codeanalysis\publisher\x64\debug\strongcomponent.obj
c:\users\hopli\documents\visual studio 2015\projects\ood\remotecodepublisher\codeanalysis\publisher\x64\debug\typetable.obj
c:\users\hopli\documents\visual studio 2015\projects\ood\remotecodepublisher\codeanalysis\publisher\x64\debug\publisher.obj
c:\users\hopli\documents\visual studio 2015\projects\ood\remotecodepublisher\codeanalysis\publisher\x64\debug\publisher.pdb
c:\users\hopli\documents\visual studio 2015\projects\ood\remotecodepublisher\codeanalysis\publisher\x64\debug\publisher.idb
f:\projects\remotecodepublisher\codeanalysis\publisher\x64\debug\vc142.pdb
f:\projects\remotecodepublisher\codeanalysis\publisher\x64\debug\vc142.idb
f:\projects\remotecodepublisher\codeanalysis\publisher\x64\debug\publisher.obj
f:\projects\remotecodepublisher\codeanalysis\publisher\x64\debug\typetable.obj
f:\projects\remotecodepublisher\codeanalysis\publisher\x64\debug\strongcomponent.obj
f:\projects\remotecodepublisher\codeanalysis\publisher\x64\debug\dependencyanalyzer.obj
f:\projects\remotecodepublisher\codeanalysis\publisher\x64\debug\semiexp.obj
f:\projects\remotecodepublisher\codeanalysis\publisher\x64\debug\scopestack.obj
f:\projects\remotecodepublisher\codeanalysis\publisher\x64\debug\parser.obj
f:\projects\remotecodepublisher\codeanalysis\publisher\x64\debug\configureparser.obj
f:\projects\remotecodepublisher\codeanalysis\publisher\x64\debug\actionsandrules.obj
f:\projects\remotecodepublisher\codeanalysis\publisher\x64\debug\grammarhelpers.obj
f:\projects\remotecodepublisher\codeanalysis\publisher\x64\debug\filemgr.obj
f:\projects\remotecodepublisher\codeanalysis\publisher\x64\debug\executive.obj
f:\projects\remotecodepublisher\codeanalysis\publisher\x64\debug\abstrsyntree.obj
f:\projects\remotecodepublisher\codeanalysis\publisher\x64\debug\utilities.obj
f:\projects\remotecodepublisher\codeanalysis\publisher\x64\debug\tokenizer.obj
f:\projects\remotecodepublisher\codeanalysis\publisher\x64\debug\regularexpression.obj
f:\projects\remotecodepublisher\codeanalysis\publisher\x64\debug\logger.obj
f:\projects\remotecodepublisher\codeanalysis\publisher\x64\debug\filesystem.obj
f:\projects\remotecodepublisher\codeanalysis\publisher\x64\debug\cpp11-blockingqueue.obj
c:\users\hopli\documents\visual studio 2015\projects\ood\remotecodepublisher\x64\debug\publisher.lib
c:\users\hopli\documents\visual studio 2015\projects\ood\remotecodepublisher\x64\debug\publisher.ilk
c:\users\hopli\documents\visual studio 2015\projects\ood\remotecodepublisher\x64\debug\publisher.exe
c:\users\hopli\documents\visual studio 2015\projects\ood\remotecodepublisher\x64\debug\publisher.pdb
f:\projects\remotecodepublisher\x64\debug\publisher.ilk
f:\projects\remotecodepublisher\x64\debug\publisher.exe
f:\projects\remotecodepublisher\x64\debug\publisher.pdb
f:\projects\remotecodepublisher\codeanalysis\publisher\x64\debug\publisher.idb
f:\projects\remotecodepublisher\codeanalysis\publisher\x64\debug\vc140.idb
f:\projects\remotecodepublisher\codeanalysis\publisher\x64\debug\publisher.pdb
f:\projects\remotecodepublisher\codeanalysis\publisher\x64\debug\vc140.pdb
f:\projects\remotecodepublisher\codeanalysis\publisher\x64\debug\publisher.tlog\cl.command.1.tlog
f:\projects\remotecodepublisher\codeanalysis\publisher\x64\debug\publisher.tlog\cl.read.1.tlog
f:\projects\remotecodepublisher\codeanalysis\publisher\x64\debug\publisher.tlog\cl.write.1.tlog
f:\projects\remotecodepublisher\codeanalysis\publisher\x64\debug\publisher.tlog\lib-link.read.1.tlog
f:\projects\remotecodepublisher\codeanalysis\publisher\x64\debug\publisher.tlog\lib-link.write.1.tlog
f:\projects\remotecodepublisher\codeanalysis\publisher\x64\debug\publisher.tlog\lib.command.1.tlog
f:\projects\remotecodepublisher\codeanalysis\publisher\x64\debug\publisher.tlog\link.command.1.tlog
f:\projects\remotecodepublisher\codeanalysis\publisher\x64\debug\publisher.tlog\link.read.1.tlog
f:\projects\remotecodepublisher\codeanalysis\publisher\x64\debug\publisher.tlog\link.write.1.tlog
f:\projects\remotecodepublisher\codeanalysis\publisher\x64\debug\publisher.tlog\publisher.write.1u.tlog
