c:\users\hopli\documents\visual studio 2015\projects\ood\remotecodepublisher\sharedprojects\threadpool\x64\debug\vc140.pdb
c:\users\hopli\documents\visual studio 2015\projects\ood\remotecodepublisher\sharedprojects\threadpool\x64\debug\vc140.idb
c:\users\hopli\documents\visual studio 2015\projects\ood\remotecodepublisher\sharedprojects\threadpool\x64\debug\cpp11-blockingqueue.obj
c:\users\hopli\documents\visual studio 2015\projects\ood\remotecodepublisher\sharedprojects\threadpool\x64\debug\threadpool.obj
f:\projects\remotecodepublisher\sharedprojects\threadpool\x64\debug\vc142.pdb
f:\projects\remotecodepublisher\sharedprojects\threadpool\x64\debug\vc142.idb
f:\projects\remotecodepublisher\sharedprojects\threadpool\x64\debug\threadpool.obj
f:\projects\remotecodepublisher\sharedprojects\threadpool\x64\debug\cpp11-blockingqueue.obj
c:\users\hopli\documents\visual studio 2015\projects\ood\remotecodepublisher\x64\debug\threadpool.ilk
c:\users\hopli\documents\visual studio 2015\projects\ood\remotecodepublisher\x64\debug\threadpool.exe
c:\users\hopli\documents\visual studio 2015\projects\ood\remotecodepublisher\x64\debug\threadpool.pdb
f:\projects\remotecodepublisher\x64\debug\threadpool.ilk
f:\projects\remotecodepublisher\x64\debug\threadpool.exe
f:\projects\remotecodepublisher\x64\debug\threadpool.pdb
f:\projects\remotecodepublisher\sharedprojects\threadpool\x64\debug\vc140.idb
f:\projects\remotecodepublisher\sharedprojects\threadpool\x64\debug\vc140.pdb
f:\projects\remotecodepublisher\sharedprojects\threadpool\x64\debug\threadpool.tlog\cl.command.1.tlog
f:\projects\remotecodepublisher\sharedprojects\threadpool\x64\debug\threadpool.tlog\cl.read.1.tlog
f:\projects\remotecodepublisher\sharedprojects\threadpool\x64\debug\threadpool.tlog\cl.write.1.tlog
f:\projects\remotecodepublisher\sharedprojects\threadpool\x64\debug\threadpool.tlog\link.command.1.tlog
f:\projects\remotecodepublisher\sharedprojects\threadpool\x64\debug\threadpool.tlog\link.read.1.tlog
f:\projects\remotecodepublisher\sharedprojects\threadpool\x64\debug\threadpool.tlog\link.write.1.tlog
