c:\users\hopli\documents\visual studio 2015\projects\ood\remotecodepublisher\sender\debug\vc140.pdb
c:\users\hopli\documents\visual studio 2015\projects\ood\remotecodepublisher\sender\debug\vc140.idb
c:\users\hopli\documents\visual studio 2015\projects\ood\remotecodepublisher\sender\debug\cpp11-blockingqueue.obj
c:\users\hopli\documents\visual studio 2015\projects\ood\remotecodepublisher\sender\debug\filesystem.obj
c:\users\hopli\documents\visual studio 2015\projects\ood\remotecodepublisher\sender\debug\httpmessage.obj
c:\users\hopli\documents\visual studio 2015\projects\ood\remotecodepublisher\sender\debug\logger.obj
c:\users\hopli\documents\visual studio 2015\projects\ood\remotecodepublisher\sender\debug\sockets.obj
c:\users\hopli\documents\visual studio 2015\projects\ood\remotecodepublisher\sender\debug\utilities.obj
c:\users\hopli\documents\visual studio 2015\projects\ood\remotecodepublisher\sender\debug\windowshelpers.obj
c:\users\hopli\documents\visual studio 2015\projects\ood\remotecodepublisher\sender\debug\sender.obj
c:\users\hopli\documents\visual studio 2015\projects\ood\remotecodepublisher\debug\sender.pdb
c:\users\hopli\documents\visual studio 2015\projects\ood\remotecodepublisher\sender\debug\sender.tlog\cl.command.1.tlog
c:\users\hopli\documents\visual studio 2015\projects\ood\remotecodepublisher\sender\debug\sender.tlog\cl.read.1.tlog
c:\users\hopli\documents\visual studio 2015\projects\ood\remotecodepublisher\sender\debug\sender.tlog\cl.write.1.tlog
c:\users\hopli\documents\visual studio 2015\projects\ood\remotecodepublisher\sender\debug\sender.tlog\link-cvtres.read.1.tlog
c:\users\hopli\documents\visual studio 2015\projects\ood\remotecodepublisher\sender\debug\sender.tlog\link-cvtres.write.1.tlog
c:\users\hopli\documents\visual studio 2015\projects\ood\remotecodepublisher\sender\debug\sender.tlog\link-rc.read.1.tlog
c:\users\hopli\documents\visual studio 2015\projects\ood\remotecodepublisher\sender\debug\sender.tlog\link-rc.write.1.tlog
c:\users\hopli\documents\visual studio 2015\projects\ood\remotecodepublisher\sender\debug\sender.tlog\link.command.1.tlog
c:\users\hopli\documents\visual studio 2015\projects\ood\remotecodepublisher\sender\debug\sender.tlog\link.read.1.tlog
c:\users\hopli\documents\visual studio 2015\projects\ood\remotecodepublisher\sender\debug\sender.tlog\link.write.1.tlog
