e:\publisher\dependencyanalysis\nosqldb\xmldocument\xmldocument\x64\debug\xmldocument.pdb
e:\publisher\dependencyanalysis\nosqldb\xmldocument\xmldocument\x64\debug\xmldocument.idb
e:\publisher\dependencyanalysis\nosqldb\xmldocument\xmldocument\x64\debug\tokenizer.obj
e:\publisher\dependencyanalysis\nosqldb\xmldocument\xmldocument\x64\debug\xmlelementparts.obj
e:\publisher\dependencyanalysis\nosqldb\xmldocument\xmldocument\x64\debug\xmlelement.obj
e:\publisher\dependencyanalysis\nosqldb\xmldocument\xmldocument\x64\debug\xmlparser.obj
e:\publisher\dependencyanalysis\nosqldb\xmldocument\xmldocument\x64\debug\xmldocument.obj
e:\publisher\x64\debug\xmldocument.lib
c:\users\hopli\documents\visual studio 2015\projects\ood\publisher\dependencyanalysis\nosqldb\xmldocument\xmldocument\x64\debug\tokenizer.obj
c:\users\hopli\documents\visual studio 2015\projects\ood\publisher\dependencyanalysis\nosqldb\xmldocument\xmldocument\x64\debug\xmldocument.obj
c:\users\hopli\documents\visual studio 2015\projects\ood\publisher\dependencyanalysis\nosqldb\xmldocument\xmldocument\x64\debug\xmlelement.obj
c:\users\hopli\documents\visual studio 2015\projects\ood\publisher\dependencyanalysis\nosqldb\xmldocument\xmldocument\x64\debug\xmlelementparts.obj
c:\users\hopli\documents\visual studio 2015\projects\ood\publisher\dependencyanalysis\nosqldb\xmldocument\xmldocument\x64\debug\xmlparser.obj
c:\users\hopli\documents\visual studio 2015\projects\ood\publisher\dependencyanalysis\nosqldb\xmldocument\xmldocument\x64\debug\xmldocument.idb
c:\users\hopli\documents\visual studio 2015\projects\ood\publisher\dependencyanalysis\nosqldb\xmldocument\xmldocument\x64\debug\xmldocument.pdb
c:\users\hopli\documents\visual studio 2015\projects\ood\publisher\x64\debug\xmldocument.pdb
c:\users\hopli\documents\visual studio 2015\projects\ood\publisher\x64\debug\xmldocument.lib
c:\users\hopli\documents\visual studio 2015\projects\ood\publisher\dependencyanalysis\nosqldb\xmldocument\xmldocument\x64\debug\xmldocument.tlog\cl.command.1.tlog
c:\users\hopli\documents\visual studio 2015\projects\ood\publisher\dependencyanalysis\nosqldb\xmldocument\xmldocument\x64\debug\xmldocument.tlog\cl.read.1.tlog
c:\users\hopli\documents\visual studio 2015\projects\ood\publisher\dependencyanalysis\nosqldb\xmldocument\xmldocument\x64\debug\xmldocument.tlog\cl.write.1.tlog
c:\users\hopli\documents\visual studio 2015\projects\ood\publisher\dependencyanalysis\nosqldb\xmldocument\xmldocument\x64\debug\xmldocument.tlog\lib-link.read.1.tlog
c:\users\hopli\documents\visual studio 2015\projects\ood\publisher\dependencyanalysis\nosqldb\xmldocument\xmldocument\x64\debug\xmldocument.tlog\lib-link.write.1.tlog
c:\users\hopli\documents\visual studio 2015\projects\ood\publisher\dependencyanalysis\nosqldb\xmldocument\xmldocument\x64\debug\xmldocument.tlog\lib.command.1.tlog
