c:\users\hopli\documents\visual studio 2015\projects\windowstextsearch\filemgr\debug\filemgr.pch
c:\users\hopli\documents\visual studio 2015\projects\windowstextsearch\filemgr\debug\vc140.pdb
c:\users\hopli\documents\visual studio 2015\projects\windowstextsearch\filemgr\debug\vc140.idb
c:\users\hopli\documents\visual studio 2015\projects\windowstextsearch\filemgr\debug\stdafx.obj
c:\users\hopli\documents\visual studio 2015\projects\windowstextsearch\filemgr\debug\dllmain.obj
c:\users\hopli\documents\visual studio 2015\projects\windowstextsearch\filemgr\debug\filemanager.obj
c:\users\hopli\documents\visual studio 2015\projects\windowstextsearch\filemgr\debug\filemgr.obj
c:\users\hopli\documents\visual studio 2015\projects\windowstextsearch\filemgr\debug\filesystem.obj
c:\users\hopli\documents\visual studio 2015\projects\windowstextsearch\filemgr\debug\filemgr_i.obj
c:\users\hopli\documents\visual studio 2015\projects\windowstextsearch\filemgr\debug\xdlldata.obj
c:\users\hopli\documents\visual studio 2015\projects\windowstextsearch\debug\filemgr.lib
c:\users\hopli\documents\visual studio 2015\projects\windowstextsearch\debug\filemgr.exp
c:\users\hopli\documents\visual studio 2015\projects\windowstextsearch\debug\filemgr.ilk
c:\users\hopli\documents\visual studio 2015\projects\windowstextsearch\debug\filemgr.dll
c:\users\hopli\documents\visual studio 2015\projects\windowstextsearch\debug\filemgr.pdb
c:\users\hopli\documents\visual studio 2015\projects\windowstextsearch\filemgr\debug\filemgr.tlb
c:\users\hopli\documents\visual studio 2015\projects\windowstextsearch\filemgr\filemgr_p.c
c:\users\hopli\documents\visual studio 2015\projects\windowstextsearch\filemgr\filemgr_i.c
c:\users\hopli\documents\visual studio 2015\projects\windowstextsearch\filemgr\filemgr_i.h
c:\users\hopli\documents\visual studio 2015\projects\windowstextsearch\filemgr\debug\filemgr.res
c:\users\hopli\documents\visual studio 2015\projects\windowstextsearch\filemgr\debug\filemgr.tlog\cl.command.1.tlog
c:\users\hopli\documents\visual studio 2015\projects\windowstextsearch\filemgr\debug\filemgr.tlog\cl.read.1.tlog
c:\users\hopli\documents\visual studio 2015\projects\windowstextsearch\filemgr\debug\filemgr.tlog\cl.write.1.tlog
c:\users\hopli\documents\visual studio 2015\projects\windowstextsearch\filemgr\debug\filemgr.tlog\filemgr.write.1u.tlog
c:\users\hopli\documents\visual studio 2015\projects\windowstextsearch\filemgr\debug\filemgr.tlog\link.command.1.tlog
c:\users\hopli\documents\visual studio 2015\projects\windowstextsearch\filemgr\debug\filemgr.tlog\link.read.1.tlog
c:\users\hopli\documents\visual studio 2015\projects\windowstextsearch\filemgr\debug\filemgr.tlog\link.write.1.tlog
c:\users\hopli\documents\visual studio 2015\projects\windowstextsearch\filemgr\debug\filemgr.tlog\midl.command.1.tlog
c:\users\hopli\documents\visual studio 2015\projects\windowstextsearch\filemgr\debug\filemgr.tlog\midl.read.1.tlog
c:\users\hopli\documents\visual studio 2015\projects\windowstextsearch\filemgr\debug\filemgr.tlog\midl.write.1.tlog
c:\users\hopli\documents\visual studio 2015\projects\windowstextsearch\filemgr\debug\filemgr.tlog\rc.command.1.tlog
c:\users\hopli\documents\visual studio 2015\projects\windowstextsearch\filemgr\debug\filemgr.tlog\rc.read.1.tlog
c:\users\hopli\documents\visual studio 2015\projects\windowstextsearch\filemgr\debug\filemgr.tlog\rc.write.1.tlog
