f:\projects\remotecodepublisher\remote\remoteclient\x64\debug\remoteclient.pdb
f:\projects\remotecodepublisher\remote\remoteclient\x64\debug\remoteclient.idb
f:\projects\remotecodepublisher\remote\remoteclient\x64\debug\remoteclient.obj
f:\projects\remotecodepublisher\remote\remoteclient\x64\debug\windowshelpers.obj
f:\projects\remotecodepublisher\remote\remoteclient\x64\debug\sockets.obj
f:\projects\remotecodepublisher\remote\remoteclient\x64\debug\sender.obj
f:\projects\remotecodepublisher\remote\remoteclient\x64\debug\receiver.obj
f:\projects\remotecodepublisher\remote\remoteclient\x64\debug\utilities.obj
f:\projects\remotecodepublisher\remote\remoteclient\x64\debug\threadpool.obj
f:\projects\remotecodepublisher\remote\remoteclient\x64\debug\task.obj
f:\projects\remotecodepublisher\remote\remoteclient\x64\debug\logger.obj
f:\projects\remotecodepublisher\remote\remoteclient\x64\debug\httpmessage.obj
f:\projects\remotecodepublisher\remote\remoteclient\x64\debug\filesystem.obj
f:\projects\remotecodepublisher\remote\remoteclient\x64\debug\cpp11-blockingqueue.obj
c:\users\hopli\documents\visual studio 2015\projects\ood\remotecodepublisher\x64\debug\remoteclient.lib
f:\projects\remotecodepublisher\x64\debug\remoteclient.lib
c:\users\hopli\documents\visual studio 2015\projects\ood\remotecodepublisher\x64\debug\remoteclient.exp
f:\projects\remotecodepublisher\remote\remoteclient\x64\debug\remoteclient.vcxprojresolveassemblyreference.cache
f:\projects\remotecodepublisher\remote\remoteclient\x64\debug\vc140.idb
f:\projects\remotecodepublisher\remote\remoteclient\x64\debug\vc140.pdb
f:\projects\remotecodepublisher\x64\debug\remoteclient.pdb
f:\projects\remotecodepublisher\remote\remoteclient\x64\debug\remoteclient.tlog\cl.command.1.tlog
f:\projects\remotecodepublisher\remote\remoteclient\x64\debug\remoteclient.tlog\cl.read.1.tlog
f:\projects\remotecodepublisher\remote\remoteclient\x64\debug\remoteclient.tlog\cl.write.1.tlog
f:\projects\remotecodepublisher\remote\remoteclient\x64\debug\remoteclient.tlog\lib-link.read.1.tlog
f:\projects\remotecodepublisher\remote\remoteclient\x64\debug\remoteclient.tlog\lib-link.write.1.tlog
f:\projects\remotecodepublisher\remote\remoteclient\x64\debug\remoteclient.tlog\lib.command.1.tlog
f:\projects\remotecodepublisher\remote\remoteclient\x64\debug\remoteclient.tlog\link.8568-cvtres.read.1.tlog
f:\projects\remotecodepublisher\remote\remoteclient\x64\debug\remoteclient.tlog\link.8568-cvtres.write.1.tlog
f:\projects\remotecodepublisher\remote\remoteclient\x64\debug\remoteclient.tlog\link.8568-rc.read.1.tlog
f:\projects\remotecodepublisher\remote\remoteclient\x64\debug\remoteclient.tlog\link.8568-rc.write.1.tlog
f:\projects\remotecodepublisher\remote\remoteclient\x64\debug\remoteclient.tlog\link.8568.read.1.tlog
f:\projects\remotecodepublisher\remote\remoteclient\x64\debug\remoteclient.tlog\link.8568.write.1.tlog
f:\projects\remotecodepublisher\remote\remoteclient\x64\debug\remoteclient.tlog\link.command.1.tlog
f:\projects\remotecodepublisher\remote\remoteclient\x64\debug\remoteclient.tlog\link.read.1.tlog
f:\projects\remotecodepublisher\remote\remoteclient\x64\debug\remoteclient.tlog\link.write.1.tlog
f:\projects\remotecodepublisher\remote\remoteclient\x64\debug\remoteclient.tlog\remoteclient.write.1u.tlog
