e:\publisher\dependencyanalysis\nosqldb\nosqldb\x64\debug\nosqldb.pdb
e:\publisher\dependencyanalysis\nosqldb\nosqldb\x64\debug\nosqldb.idb
e:\publisher\dependencyanalysis\nosqldb\nosqldb\x64\debug\regularexpression.obj
e:\publisher\dependencyanalysis\nosqldb\nosqldb\x64\debug\xmldocument.obj
e:\publisher\dependencyanalysis\nosqldb\nosqldb\x64\debug\entry.obj
e:\publisher\x64\debug\nosqldb.lib
c:\users\hopli\documents\visual studio 2015\projects\ood\publisher\dependencyanalysis\nosqldb\nosqldb\x64\debug\nosqldb.vcxprojresolveassemblyreference.cache
c:\users\hopli\documents\visual studio 2015\projects\ood\publisher\dependencyanalysis\nosqldb\nosqldb\x64\debug\entry.obj
c:\users\hopli\documents\visual studio 2015\projects\ood\publisher\dependencyanalysis\nosqldb\nosqldb\x64\debug\regularexpression.obj
c:\users\hopli\documents\visual studio 2015\projects\ood\publisher\dependencyanalysis\nosqldb\nosqldb\x64\debug\xmldocument.obj
c:\users\hopli\documents\visual studio 2015\projects\ood\publisher\dependencyanalysis\nosqldb\nosqldb\x64\debug\nosqldb.idb
c:\users\hopli\documents\visual studio 2015\projects\ood\publisher\dependencyanalysis\nosqldb\nosqldb\x64\debug\nosqldb.pdb
c:\users\hopli\documents\visual studio 2015\projects\ood\publisher\x64\debug\nosqldb.pdb
c:\users\hopli\documents\visual studio 2015\projects\ood\publisher\x64\debug\nosqldb.lib
c:\users\hopli\documents\visual studio 2015\projects\ood\publisher\dependencyanalysis\nosqldb\nosqldb\x64\debug\nosqldb.tlog\cl.command.1.tlog
c:\users\hopli\documents\visual studio 2015\projects\ood\publisher\dependencyanalysis\nosqldb\nosqldb\x64\debug\nosqldb.tlog\cl.read.1.tlog
c:\users\hopli\documents\visual studio 2015\projects\ood\publisher\dependencyanalysis\nosqldb\nosqldb\x64\debug\nosqldb.tlog\cl.write.1.tlog
c:\users\hopli\documents\visual studio 2015\projects\ood\publisher\dependencyanalysis\nosqldb\nosqldb\x64\debug\nosqldb.tlog\lib-link.read.1.tlog
c:\users\hopli\documents\visual studio 2015\projects\ood\publisher\dependencyanalysis\nosqldb\nosqldb\x64\debug\nosqldb.tlog\lib-link.write.1.tlog
c:\users\hopli\documents\visual studio 2015\projects\ood\publisher\dependencyanalysis\nosqldb\nosqldb\x64\debug\nosqldb.tlog\lib.command.1.tlog
