c:\users\hopli\documents\visual studio 2015\projects\ood\remotecodepublisher\receiver\x64\debug\receiver.pdb
c:\users\hopli\documents\visual studio 2015\projects\ood\remotecodepublisher\receiver\x64\debug\receiver.idb
c:\users\hopli\documents\visual studio 2015\projects\ood\remotecodepublisher\receiver\x64\debug\filesystem.obj
c:\users\hopli\documents\visual studio 2015\projects\ood\remotecodepublisher\receiver\x64\debug\httpmessage.obj
c:\users\hopli\documents\visual studio 2015\projects\ood\remotecodepublisher\receiver\x64\debug\logger.obj
c:\users\hopli\documents\visual studio 2015\projects\ood\remotecodepublisher\receiver\x64\debug\sockets.obj
c:\users\hopli\documents\visual studio 2015\projects\ood\remotecodepublisher\receiver\x64\debug\utilities.obj
c:\users\hopli\documents\visual studio 2015\projects\ood\remotecodepublisher\receiver\x64\debug\windowshelpers.obj
c:\users\hopli\documents\visual studio 2015\projects\ood\remotecodepublisher\receiver\x64\debug\receiver.obj
c:\users\hopli\documents\visual studio 2015\projects\ood\remotecodepublisher\remote\sockethelper\receiver\x64\debug\receiver.pdb
c:\users\hopli\documents\visual studio 2015\projects\ood\remotecodepublisher\remote\sockethelper\receiver\x64\debug\receiver.idb
c:\users\hopli\documents\visual studio 2015\projects\ood\remotecodepublisher\remote\sockethelper\receiver\x64\debug\filesystem.obj
c:\users\hopli\documents\visual studio 2015\projects\ood\remotecodepublisher\remote\sockethelper\receiver\x64\debug\httpmessage.obj
c:\users\hopli\documents\visual studio 2015\projects\ood\remotecodepublisher\remote\sockethelper\receiver\x64\debug\logger.obj
c:\users\hopli\documents\visual studio 2015\projects\ood\remotecodepublisher\remote\sockethelper\receiver\x64\debug\utilities.obj
c:\users\hopli\documents\visual studio 2015\projects\ood\remotecodepublisher\remote\sockethelper\receiver\x64\debug\windowshelpers.obj
c:\users\hopli\documents\visual studio 2015\projects\ood\remotecodepublisher\remote\sockethelper\receiver\x64\debug\receiver.obj
c:\users\hopli\documents\visual studio 2015\projects\ood\remotecodepublisher\remote\sockethelper\receiver\x64\debug\sockets.obj
f:\projects\remotecodepublisher\remote\sockethelper\receiver\x64\debug\receiver.pdb
f:\projects\remotecodepublisher\remote\sockethelper\receiver\x64\debug\receiver.idb
f:\projects\remotecodepublisher\remote\sockethelper\receiver\x64\debug\receiver.obj
f:\projects\remotecodepublisher\remote\sockethelper\receiver\x64\debug\windowshelpers.obj
f:\projects\remotecodepublisher\remote\sockethelper\receiver\x64\debug\sockets.obj
f:\projects\remotecodepublisher\remote\sockethelper\receiver\x64\debug\utilities.obj
f:\projects\remotecodepublisher\remote\sockethelper\receiver\x64\debug\logger.obj
f:\projects\remotecodepublisher\remote\sockethelper\receiver\x64\debug\httpmessage.obj
f:\projects\remotecodepublisher\remote\sockethelper\receiver\x64\debug\filesystem.obj
c:\users\hopli\documents\visual studio 2015\projects\ood\remotecodepublisher\x64\debug\receiver.lib
f:\projects\remotecodepublisher\x64\debug\receiver.lib
f:\projects\remotecodepublisher\x64\debug\receiver.pdb
f:\projects\remotecodepublisher\remote\sockethelper\receiver\x64\debug\receiver.tlog\cl.command.1.tlog
f:\projects\remotecodepublisher\remote\sockethelper\receiver\x64\debug\receiver.tlog\cl.read.1.tlog
f:\projects\remotecodepublisher\remote\sockethelper\receiver\x64\debug\receiver.tlog\cl.write.1.tlog
f:\projects\remotecodepublisher\remote\sockethelper\receiver\x64\debug\receiver.tlog\lib-link.read.1.tlog
f:\projects\remotecodepublisher\remote\sockethelper\receiver\x64\debug\receiver.tlog\lib-link.write.1.tlog
f:\projects\remotecodepublisher\remote\sockethelper\receiver\x64\debug\receiver.tlog\lib.command.1.tlog
