d:\dependencyanalysis\typetable\x64\debug\typetable.pdb
d:\dependencyanalysis\typetable\x64\debug\typetable.idb
d:\dependencyanalysis\typetable\x64\debug\abstrsyntree.obj
d:\dependencyanalysis\typetable\x64\debug\filesystem.obj
d:\dependencyanalysis\typetable\x64\debug\actionsandrules.obj
d:\dependencyanalysis\typetable\x64\debug\configureparser.obj
d:\dependencyanalysis\typetable\x64\debug\parser.obj
d:\dependencyanalysis\typetable\x64\debug\tokenizer.obj
d:\dependencyanalysis\typetable\x64\debug\typetable.obj
d:\dependencyanalysis\x64\debug\typetable.lib
c:\users\hopli\documents\visual studio 2015\projects\publisher\dependencyanalysis\typetable\x64\debug\abstrsyntree.obj
c:\users\hopli\documents\visual studio 2015\projects\publisher\dependencyanalysis\typetable\x64\debug\actionsandrules.obj
c:\users\hopli\documents\visual studio 2015\projects\publisher\dependencyanalysis\typetable\x64\debug\configureparser.obj
c:\users\hopli\documents\visual studio 2015\projects\publisher\dependencyanalysis\typetable\x64\debug\filesystem.obj
c:\users\hopli\documents\visual studio 2015\projects\publisher\dependencyanalysis\typetable\x64\debug\parser.obj
c:\users\hopli\documents\visual studio 2015\projects\publisher\dependencyanalysis\typetable\x64\debug\tokenizer.obj
c:\users\hopli\documents\visual studio 2015\projects\publisher\dependencyanalysis\typetable\x64\debug\typetable.obj
c:\users\hopli\documents\visual studio 2015\projects\publisher\dependencyanalysis\typetable\x64\debug\typetable.idb
c:\users\hopli\documents\visual studio 2015\projects\publisher\dependencyanalysis\typetable\x64\debug\typetable.pdb
c:\users\hopli\documents\visual studio 2015\projects\publisher\dependencyanalysis\x64\debug\typetable.pdb
c:\users\hopli\documents\visual studio 2015\projects\publisher\dependencyanalysis\x64\debug\typetable.lib
c:\users\hopli\documents\visual studio 2015\projects\publisher\dependencyanalysis\typetable\x64\debug\typetable.tlog\cl.command.1.tlog
c:\users\hopli\documents\visual studio 2015\projects\publisher\dependencyanalysis\typetable\x64\debug\typetable.tlog\cl.read.1.tlog
c:\users\hopli\documents\visual studio 2015\projects\publisher\dependencyanalysis\typetable\x64\debug\typetable.tlog\cl.write.1.tlog
c:\users\hopli\documents\visual studio 2015\projects\publisher\dependencyanalysis\typetable\x64\debug\typetable.tlog\lib-link.read.1.tlog
c:\users\hopli\documents\visual studio 2015\projects\publisher\dependencyanalysis\typetable\x64\debug\typetable.tlog\lib-link.write.1.tlog
c:\users\hopli\documents\visual studio 2015\projects\publisher\dependencyanalysis\typetable\x64\debug\typetable.tlog\lib.command.1.tlog
