e:\publisher\dependencyanalysis\codeanalyzer\analyzer\x64\debug\codeanalyzer.pdb
e:\publisher\dependencyanalysis\codeanalyzer\analyzer\x64\debug\codeanalyzer.idb
e:\publisher\dependencyanalysis\codeanalyzer\analyzer\x64\debug\abstrsyntree.obj
e:\publisher\dependencyanalysis\codeanalyzer\analyzer\x64\debug\filemgr.obj
e:\publisher\dependencyanalysis\codeanalyzer\analyzer\x64\debug\filesystem.obj
e:\publisher\dependencyanalysis\codeanalyzer\analyzer\x64\debug\grammarhelpers.obj
e:\publisher\dependencyanalysis\codeanalyzer\analyzer\x64\debug\logger.obj
e:\publisher\dependencyanalysis\codeanalyzer\analyzer\x64\debug\actionsandrules.obj
e:\publisher\dependencyanalysis\codeanalyzer\analyzer\x64\debug\configureparser.obj
e:\publisher\dependencyanalysis\codeanalyzer\analyzer\x64\debug\parser.obj
e:\publisher\dependencyanalysis\codeanalyzer\analyzer\x64\debug\scopestack.obj
e:\publisher\dependencyanalysis\codeanalyzer\analyzer\x64\debug\semiexp.obj
e:\publisher\dependencyanalysis\codeanalyzer\analyzer\x64\debug\tokenizer.obj
e:\publisher\dependencyanalysis\codeanalyzer\analyzer\x64\debug\utilities.obj
e:\publisher\dependencyanalysis\codeanalyzer\analyzer\x64\debug\executive.obj
e:\publisher\x64\debug\codeanalyzer.lib
c:\users\hopli\documents\visual studio 2015\projects\ood\publisher\dependencyanalysis\codeanalyzer\analyzer\x64\debug\abstrsyntree.obj
c:\users\hopli\documents\visual studio 2015\projects\ood\publisher\dependencyanalysis\codeanalyzer\analyzer\x64\debug\actionsandrules.obj
c:\users\hopli\documents\visual studio 2015\projects\ood\publisher\dependencyanalysis\codeanalyzer\analyzer\x64\debug\configureparser.obj
c:\users\hopli\documents\visual studio 2015\projects\ood\publisher\dependencyanalysis\codeanalyzer\analyzer\x64\debug\executive.obj
c:\users\hopli\documents\visual studio 2015\projects\ood\publisher\dependencyanalysis\codeanalyzer\analyzer\x64\debug\filemgr.obj
c:\users\hopli\documents\visual studio 2015\projects\ood\publisher\dependencyanalysis\codeanalyzer\analyzer\x64\debug\filesystem.obj
c:\users\hopli\documents\visual studio 2015\projects\ood\publisher\dependencyanalysis\codeanalyzer\analyzer\x64\debug\grammarhelpers.obj
c:\users\hopli\documents\visual studio 2015\projects\ood\publisher\dependencyanalysis\codeanalyzer\analyzer\x64\debug\logger.obj
c:\users\hopli\documents\visual studio 2015\projects\ood\publisher\dependencyanalysis\codeanalyzer\analyzer\x64\debug\parser.obj
c:\users\hopli\documents\visual studio 2015\projects\ood\publisher\dependencyanalysis\codeanalyzer\analyzer\x64\debug\scopestack.obj
c:\users\hopli\documents\visual studio 2015\projects\ood\publisher\dependencyanalysis\codeanalyzer\analyzer\x64\debug\semiexp.obj
c:\users\hopli\documents\visual studio 2015\projects\ood\publisher\dependencyanalysis\codeanalyzer\analyzer\x64\debug\tokenizer.obj
c:\users\hopli\documents\visual studio 2015\projects\ood\publisher\dependencyanalysis\codeanalyzer\analyzer\x64\debug\utilities.obj
c:\users\hopli\documents\visual studio 2015\projects\ood\publisher\dependencyanalysis\codeanalyzer\analyzer\x64\debug\codeanalyzer.idb
c:\users\hopli\documents\visual studio 2015\projects\ood\publisher\dependencyanalysis\codeanalyzer\analyzer\x64\debug\codeanalyzer.pdb
c:\users\hopli\documents\visual studio 2015\projects\ood\publisher\x64\debug\codeanalyzer.pdb
c:\users\hopli\documents\visual studio 2015\projects\ood\publisher\x64\debug\codeanalyzer.lib
c:\users\hopli\documents\visual studio 2015\projects\ood\publisher\dependencyanalysis\codeanalyzer\analyzer\x64\debug\codeanalyzer.tlog\cl.command.1.tlog
c:\users\hopli\documents\visual studio 2015\projects\ood\publisher\dependencyanalysis\codeanalyzer\analyzer\x64\debug\codeanalyzer.tlog\cl.read.1.tlog
c:\users\hopli\documents\visual studio 2015\projects\ood\publisher\dependencyanalysis\codeanalyzer\analyzer\x64\debug\codeanalyzer.tlog\cl.write.1.tlog
c:\users\hopli\documents\visual studio 2015\projects\ood\publisher\dependencyanalysis\codeanalyzer\analyzer\x64\debug\codeanalyzer.tlog\lib-link.read.1.tlog
c:\users\hopli\documents\visual studio 2015\projects\ood\publisher\dependencyanalysis\codeanalyzer\analyzer\x64\debug\codeanalyzer.tlog\lib-link.write.1.tlog
c:\users\hopli\documents\visual studio 2015\projects\ood\publisher\dependencyanalysis\codeanalyzer\analyzer\x64\debug\codeanalyzer.tlog\lib.command.1.tlog
