c:\users\hopli\documents\visual studio 2015\projects\ood\remotecodepublisher\receiver\debug\vc140.pdb
c:\users\hopli\documents\visual studio 2015\projects\ood\remotecodepublisher\receiver\debug\vc140.idb
c:\users\hopli\documents\visual studio 2015\projects\ood\remotecodepublisher\receiver\debug\cpp11-blockingqueue.obj
c:\users\hopli\documents\visual studio 2015\projects\ood\remotecodepublisher\receiver\debug\filesystem.obj
c:\users\hopli\documents\visual studio 2015\projects\ood\remotecodepublisher\receiver\debug\httpmessage.obj
c:\users\hopli\documents\visual studio 2015\projects\ood\remotecodepublisher\receiver\debug\logger.obj
c:\users\hopli\documents\visual studio 2015\projects\ood\remotecodepublisher\receiver\debug\sockets.obj
c:\users\hopli\documents\visual studio 2015\projects\ood\remotecodepublisher\receiver\debug\utilities.obj
c:\users\hopli\documents\visual studio 2015\projects\ood\remotecodepublisher\receiver\debug\windowshelpers.obj
c:\users\hopli\documents\visual studio 2015\projects\ood\remotecodepublisher\receiver\debug\receiver.obj
c:\users\hopli\documents\visual studio 2015\projects\ood\remotecodepublisher\debug\receiver.pdb
c:\users\hopli\documents\visual studio 2015\projects\ood\remotecodepublisher\receiver\debug\receiver.tlog\cl.command.1.tlog
c:\users\hopli\documents\visual studio 2015\projects\ood\remotecodepublisher\receiver\debug\receiver.tlog\cl.read.1.tlog
c:\users\hopli\documents\visual studio 2015\projects\ood\remotecodepublisher\receiver\debug\receiver.tlog\cl.write.1.tlog
c:\users\hopli\documents\visual studio 2015\projects\ood\remotecodepublisher\receiver\debug\receiver.tlog\link-cvtres.read.1.tlog
c:\users\hopli\documents\visual studio 2015\projects\ood\remotecodepublisher\receiver\debug\receiver.tlog\link-cvtres.write.1.tlog
c:\users\hopli\documents\visual studio 2015\projects\ood\remotecodepublisher\receiver\debug\receiver.tlog\link-rc.read.1.tlog
c:\users\hopli\documents\visual studio 2015\projects\ood\remotecodepublisher\receiver\debug\receiver.tlog\link-rc.write.1.tlog
c:\users\hopli\documents\visual studio 2015\projects\ood\remotecodepublisher\receiver\debug\receiver.tlog\link.command.1.tlog
c:\users\hopli\documents\visual studio 2015\projects\ood\remotecodepublisher\receiver\debug\receiver.tlog\link.read.1.tlog
c:\users\hopli\documents\visual studio 2015\projects\ood\remotecodepublisher\receiver\debug\receiver.tlog\link.write.1.tlog
