c:\users\hopli\documents\visual studio 2015\projects\ood\remotecodepublisher\remote\sockethelper\sender\x64\debug\sender.pdb
c:\users\hopli\documents\visual studio 2015\projects\ood\remotecodepublisher\remote\sockethelper\sender\x64\debug\sender.idb
c:\users\hopli\documents\visual studio 2015\projects\ood\remotecodepublisher\remote\sockethelper\sender\x64\debug\filesystem.obj
c:\users\hopli\documents\visual studio 2015\projects\ood\remotecodepublisher\remote\sockethelper\sender\x64\debug\httpmessage.obj
c:\users\hopli\documents\visual studio 2015\projects\ood\remotecodepublisher\remote\sockethelper\sender\x64\debug\logger.obj
c:\users\hopli\documents\visual studio 2015\projects\ood\remotecodepublisher\remote\sockethelper\sender\x64\debug\utilities.obj
c:\users\hopli\documents\visual studio 2015\projects\ood\remotecodepublisher\remote\sockethelper\sender\x64\debug\sender.obj
c:\users\hopli\documents\visual studio 2015\projects\ood\remotecodepublisher\remote\sockethelper\sender\x64\debug\windowshelpers.obj
c:\users\hopli\documents\visual studio 2015\projects\ood\remotecodepublisher\remote\sockethelper\sender\x64\debug\sockets.obj
f:\projects\remotecodepublisher\remote\sockethelper\sender\x64\debug\sender.pdb
f:\projects\remotecodepublisher\remote\sockethelper\sender\x64\debug\sender.idb
f:\projects\remotecodepublisher\remote\sockethelper\sender\x64\debug\sender.obj
f:\projects\remotecodepublisher\remote\sockethelper\sender\x64\debug\windowshelpers.obj
f:\projects\remotecodepublisher\remote\sockethelper\sender\x64\debug\sockets.obj
f:\projects\remotecodepublisher\remote\sockethelper\sender\x64\debug\utilities.obj
f:\projects\remotecodepublisher\remote\sockethelper\sender\x64\debug\logger.obj
f:\projects\remotecodepublisher\remote\sockethelper\sender\x64\debug\httpmessage.obj
f:\projects\remotecodepublisher\remote\sockethelper\sender\x64\debug\filesystem.obj
c:\users\hopli\documents\visual studio 2015\projects\ood\remotecodepublisher\x64\debug\sender.lib
f:\projects\remotecodepublisher\x64\debug\sender.lib
f:\projects\remotecodepublisher\x64\debug\sender.pdb
f:\projects\remotecodepublisher\remote\sockethelper\sender\x64\debug\sender.tlog\cl.command.1.tlog
f:\projects\remotecodepublisher\remote\sockethelper\sender\x64\debug\sender.tlog\cl.read.1.tlog
f:\projects\remotecodepublisher\remote\sockethelper\sender\x64\debug\sender.tlog\cl.write.1.tlog
f:\projects\remotecodepublisher\remote\sockethelper\sender\x64\debug\sender.tlog\lib-link.read.1.tlog
f:\projects\remotecodepublisher\remote\sockethelper\sender\x64\debug\sender.tlog\lib-link.write.1.tlog
f:\projects\remotecodepublisher\remote\sockethelper\sender\x64\debug\sender.tlog\lib.command.1.tlog
