c:\users\hopli\documents\visual studio 2015\projects\windowstextsearch\textsearchcom\debug\textsearchcom.pch
c:\users\hopli\documents\visual studio 2015\projects\windowstextsearch\textsearchcom\debug\vc140.pdb
c:\users\hopli\documents\visual studio 2015\projects\windowstextsearch\textsearchcom\debug\vc140.idb
c:\users\hopli\documents\visual studio 2015\projects\windowstextsearch\textsearchcom\debug\stdafx.obj
c:\users\hopli\documents\visual studio 2015\projects\windowstextsearch\textsearchcom\debug\cpp11-blockingqueue.obj
c:\users\hopli\documents\visual studio 2015\projects\windowstextsearch\textsearchcom\debug\textsearch.obj
c:\users\hopli\documents\visual studio 2015\projects\windowstextsearch\textsearchcom\debug\textsearchcom.obj
c:\users\hopli\documents\visual studio 2015\projects\windowstextsearch\textsearchcom\debug\dllmain.obj
c:\users\hopli\documents\visual studio 2015\projects\windowstextsearch\textsearchcom\debug\textsearchcom_i.obj
c:\users\hopli\documents\visual studio 2015\projects\windowstextsearch\textsearchcom\debug\xdlldata.obj
c:\users\hopli\documents\visual studio 2015\projects\windowstextsearch\debug\textsearchcom.ilk
c:\users\hopli\documents\visual studio 2015\projects\windowstextsearch\debug\textsearchcom.dll
c:\users\hopli\documents\visual studio 2015\projects\windowstextsearch\debug\textsearchcom.pdb
c:\users\hopli\documents\visual studio 2015\projects\windowstextsearch\textsearchcom\debug\textsearchcom.tlb
c:\users\hopli\documents\visual studio 2015\projects\windowstextsearch\textsearchcom\textsearchcom_p.c
c:\users\hopli\documents\visual studio 2015\projects\windowstextsearch\textsearchcom\textsearchcom_i.c
c:\users\hopli\documents\visual studio 2015\projects\windowstextsearch\textsearchcom\textsearchcom_i.h
c:\users\hopli\documents\visual studio 2015\projects\windowstextsearch\textsearchcom\debug\textsearchcom.res
c:\users\hopli\documents\visual studio 2015\projects\windowstextsearch\debug\textsearchcom.lib
c:\users\hopli\documents\visual studio 2015\projects\windowstextsearch\debug\textsearchcom.exp
c:\users\hopli\documents\visual studio 2015\projects\windowstextsearch\textsearchcom\debug\textsearchcom.tlog\cl.command.1.tlog
c:\users\hopli\documents\visual studio 2015\projects\windowstextsearch\textsearchcom\debug\textsearchcom.tlog\cl.read.1.tlog
c:\users\hopli\documents\visual studio 2015\projects\windowstextsearch\textsearchcom\debug\textsearchcom.tlog\cl.write.1.tlog
c:\users\hopli\documents\visual studio 2015\projects\windowstextsearch\textsearchcom\debug\textsearchcom.tlog\link.command.1.tlog
c:\users\hopli\documents\visual studio 2015\projects\windowstextsearch\textsearchcom\debug\textsearchcom.tlog\link.read.1.tlog
c:\users\hopli\documents\visual studio 2015\projects\windowstextsearch\textsearchcom\debug\textsearchcom.tlog\link.write.1.tlog
c:\users\hopli\documents\visual studio 2015\projects\windowstextsearch\textsearchcom\debug\textsearchcom.tlog\midl.command.1.tlog
c:\users\hopli\documents\visual studio 2015\projects\windowstextsearch\textsearchcom\debug\textsearchcom.tlog\midl.read.1.tlog
c:\users\hopli\documents\visual studio 2015\projects\windowstextsearch\textsearchcom\debug\textsearchcom.tlog\midl.write.1.tlog
c:\users\hopli\documents\visual studio 2015\projects\windowstextsearch\textsearchcom\debug\textsearchcom.tlog\rc.command.1.tlog
c:\users\hopli\documents\visual studio 2015\projects\windowstextsearch\textsearchcom\debug\textsearchcom.tlog\rc.read.1.tlog
c:\users\hopli\documents\visual studio 2015\projects\windowstextsearch\textsearchcom\debug\textsearchcom.tlog\rc.write.1.tlog
c:\users\hopli\documents\visual studio 2015\projects\windowstextsearch\textsearchcom\debug\textsearchcom.tlog\textsearchcom.write.1u.tlog
