f:\projects\remotecodepublisher\remote\shim\x64\debug\vc142.pdb
f:\projects\remotecodepublisher\remote\shim\x64\debug\shim.obj
f:\projects\remotecodepublisher\remote\shim\x64\debug\.netframework,version=v4.5.2.assemblyattributes.obj
f:\projects\remotecodepublisher\remote\shim\x64\debug\.netframework,version=v4.5.2.assemblyattributes.asm
c:\users\hopli\documents\visual studio 2015\projects\ood\remotecodepublisher\x64\debug\shim.dll
c:\users\hopli\documents\visual studio 2015\projects\ood\remotecodepublisher\x64\debug\shim.pdb
f:\projects\remotecodepublisher\x64\debug\shim.dll
f:\projects\remotecodepublisher\x64\debug\shim.pdb
f:\projects\remotecodepublisher\x64\debug\shim.lib
f:\projects\remotecodepublisher\x64\debug\shim.exp
f:\projects\remotecodepublisher\remote\shim\x64\debug\shim.vcxprojassemblyreference.cache
f:\projects\remotecodepublisher\remote\shim\x64\debug\shim.vcxprojresolveassemblyreference.cache
f:\projects\remotecodepublisher\remote\shim\x64\debug\vc140.pdb
f:\projects\remotecodepublisher\remote\shim\x64\debug\shim.tlog\cl.command.1.tlog
f:\projects\remotecodepublisher\remote\shim\x64\debug\shim.tlog\cl.read.1.tlog
f:\projects\remotecodepublisher\remote\shim\x64\debug\shim.tlog\cl.write.1.tlog
f:\projects\remotecodepublisher\remote\shim\x64\debug\shim.tlog\link.command.1.tlog
f:\projects\remotecodepublisher\remote\shim\x64\debug\shim.tlog\link.read.1.tlog
f:\projects\remotecodepublisher\remote\shim\x64\debug\shim.tlog\link.write.1.tlog
f:\projects\remotecodepublisher\remote\shim\x64\debug\shim.tlog\metagen.read.1.tlog
f:\projects\remotecodepublisher\remote\shim\x64\debug\shim.tlog\metagen.write.1.tlog
f:\projects\remotecodepublisher\remote\shim\x64\debug\shim.tlog\shim.write.1u.tlog
f:\projects\remotecodepublisher\remote\shim\x64\debug\shim.tlog\clui.dll.bi
f:\projects\remotecodepublisher\remote\shim\x64\debug\shim.tlog\tzres.dll.bi
