c:\users\hopli\documents\visual studio 2015\projects\ood\remotecodepublisher\remote\remotepublisher\x64\debug\vc140.pdb
c:\users\hopli\documents\visual studio 2015\projects\ood\remotecodepublisher\remote\remotepublisher\x64\debug\vc140.idb
c:\users\hopli\documents\visual studio 2015\projects\ood\remotecodepublisher\remote\remotepublisher\x64\debug\parser.obj
c:\users\hopli\documents\visual studio 2015\projects\ood\remotecodepublisher\remote\remotepublisher\x64\debug\scopestack.obj
c:\users\hopli\documents\visual studio 2015\projects\ood\remotecodepublisher\remote\remotepublisher\x64\debug\semiexp.obj
c:\users\hopli\documents\visual studio 2015\projects\ood\remotecodepublisher\remote\remotepublisher\x64\debug\dependencyanalyzer.obj
c:\users\hopli\documents\visual studio 2015\projects\ood\remotecodepublisher\remote\remotepublisher\x64\debug\publisher.obj
c:\users\hopli\documents\visual studio 2015\projects\ood\remotecodepublisher\remote\remotepublisher\x64\debug\strongcomponent.obj
c:\users\hopli\documents\visual studio 2015\projects\ood\remotecodepublisher\remote\remotepublisher\x64\debug\typetable.obj
c:\users\hopli\documents\visual studio 2015\projects\ood\remotecodepublisher\remote\remotepublisher\x64\debug\cpp11-blockingqueue.obj
c:\users\hopli\documents\visual studio 2015\projects\ood\remotecodepublisher\remote\remotepublisher\x64\debug\filesystem.obj
c:\users\hopli\documents\visual studio 2015\projects\ood\remotecodepublisher\remote\remotepublisher\x64\debug\httpmessage.obj
c:\users\hopli\documents\visual studio 2015\projects\ood\remotecodepublisher\remote\remotepublisher\x64\debug\logger.obj
c:\users\hopli\documents\visual studio 2015\projects\ood\remotecodepublisher\remote\remotepublisher\x64\debug\task.obj
c:\users\hopli\documents\visual studio 2015\projects\ood\remotecodepublisher\remote\remotepublisher\x64\debug\threadpool.obj
c:\users\hopli\documents\visual studio 2015\projects\ood\remotecodepublisher\remote\remotepublisher\x64\debug\tokenizer.obj
c:\users\hopli\documents\visual studio 2015\projects\ood\remotecodepublisher\remote\remotepublisher\x64\debug\utilities.obj
c:\users\hopli\documents\visual studio 2015\projects\ood\remotecodepublisher\remote\remotepublisher\x64\debug\receiver.obj
c:\users\hopli\documents\visual studio 2015\projects\ood\remotecodepublisher\remote\remotepublisher\x64\debug\sender.obj
c:\users\hopli\documents\visual studio 2015\projects\ood\remotecodepublisher\remote\remotepublisher\x64\debug\sockets.obj
c:\users\hopli\documents\visual studio 2015\projects\ood\remotecodepublisher\remote\remotepublisher\x64\debug\windowshelpers.obj
c:\users\hopli\documents\visual studio 2015\projects\ood\remotecodepublisher\remote\remotepublisher\x64\debug\remotepublisher.obj
c:\users\hopli\documents\visual studio 2015\projects\ood\remotecodepublisher\remote\remotepublisher\x64\debug\abstrsyntree.obj
c:\users\hopli\documents\visual studio 2015\projects\ood\remotecodepublisher\remote\remotepublisher\x64\debug\executive.obj
c:\users\hopli\documents\visual studio 2015\projects\ood\remotecodepublisher\remote\remotepublisher\x64\debug\filemgr.obj
c:\users\hopli\documents\visual studio 2015\projects\ood\remotecodepublisher\remote\remotepublisher\x64\debug\grammarhelpers.obj
c:\users\hopli\documents\visual studio 2015\projects\ood\remotecodepublisher\remote\remotepublisher\x64\debug\actionsandrules.obj
c:\users\hopli\documents\visual studio 2015\projects\ood\remotecodepublisher\remote\remotepublisher\x64\debug\configureparser.obj
f:\projects\remotecodepublisher\remote\remotepublisher\x64\debug\vc142.pdb
f:\projects\remotecodepublisher\remote\remotepublisher\x64\debug\vc142.idb
f:\projects\remotecodepublisher\remote\remotepublisher\x64\debug\tokenizer.obj
f:\projects\remotecodepublisher\remote\remotepublisher\x64\debug\threadpool.obj
f:\projects\remotecodepublisher\remote\remotepublisher\x64\debug\task.obj
f:\projects\remotecodepublisher\remote\remotepublisher\x64\debug\logger.obj
f:\projects\remotecodepublisher\remote\remotepublisher\x64\debug\httpmessage.obj
f:\projects\remotecodepublisher\remote\remotepublisher\x64\debug\filesystem.obj
f:\projects\remotecodepublisher\remote\remotepublisher\x64\debug\cpp11-blockingqueue.obj
f:\projects\remotecodepublisher\remote\remotepublisher\x64\debug\typetable.obj
f:\projects\remotecodepublisher\remote\remotepublisher\x64\debug\strongcomponent.obj
f:\projects\remotecodepublisher\remote\remotepublisher\x64\debug\publisher.obj
f:\projects\remotecodepublisher\remote\remotepublisher\x64\debug\dependencyanalyzer.obj
f:\projects\remotecodepublisher\remote\remotepublisher\x64\debug\semiexp.obj
f:\projects\remotecodepublisher\remote\remotepublisher\x64\debug\scopestack.obj
f:\projects\remotecodepublisher\remote\remotepublisher\x64\debug\parser.obj
f:\projects\remotecodepublisher\remote\remotepublisher\x64\debug\configureparser.obj
f:\projects\remotecodepublisher\remote\remotepublisher\x64\debug\actionsandrules.obj
f:\projects\remotecodepublisher\remote\remotepublisher\x64\debug\grammarhelpers.obj
f:\projects\remotecodepublisher\remote\remotepublisher\x64\debug\filemgr.obj
f:\projects\remotecodepublisher\remote\remotepublisher\x64\debug\executive.obj
f:\projects\remotecodepublisher\remote\remotepublisher\x64\debug\abstrsyntree.obj
f:\projects\remotecodepublisher\remote\remotepublisher\x64\debug\remotepublisher.obj
f:\projects\remotecodepublisher\remote\remotepublisher\x64\debug\windowshelpers.obj
f:\projects\remotecodepublisher\remote\remotepublisher\x64\debug\sockets.obj
f:\projects\remotecodepublisher\remote\remotepublisher\x64\debug\sender.obj
f:\projects\remotecodepublisher\remote\remotepublisher\x64\debug\receiver.obj
f:\projects\remotecodepublisher\remote\remotepublisher\x64\debug\utilities.obj
c:\users\hopli\documents\visual studio 2015\projects\ood\remotecodepublisher\x64\debug\remotepublisher.ilk
c:\users\hopli\documents\visual studio 2015\projects\ood\remotecodepublisher\x64\debug\remotepublisher.exe
c:\users\hopli\documents\visual studio 2015\projects\ood\remotecodepublisher\x64\debug\remotepublisher.pdb
f:\projects\remotecodepublisher\x64\debug\remotepublisher.ilk
f:\projects\remotecodepublisher\x64\debug\remotepublisher.exe
f:\projects\remotecodepublisher\x64\debug\remotepublisher.pdb
f:\projects\remotecodepublisher\remote\remotepublisher\x64\debug\vc140.idb
f:\projects\remotecodepublisher\remote\remotepublisher\x64\debug\vc140.pdb
f:\projects\remotecodepublisher\remote\remotepublisher\x64\debug\remotepublisher.tlog\cl.command.1.tlog
f:\projects\remotecodepublisher\remote\remotepublisher\x64\debug\remotepublisher.tlog\cl.read.1.tlog
f:\projects\remotecodepublisher\remote\remotepublisher\x64\debug\remotepublisher.tlog\cl.write.1.tlog
f:\projects\remotecodepublisher\remote\remotepublisher\x64\debug\remotepublisher.tlog\link.command.1.tlog
f:\projects\remotecodepublisher\remote\remotepublisher\x64\debug\remotepublisher.tlog\link.read.1.tlog
f:\projects\remotecodepublisher\remote\remotepublisher\x64\debug\remotepublisher.tlog\link.write.1.tlog
